Ign:2 https://termux.com/unstable-packages-bin unstable InRelease
Ign:3 https://termux.com/x11-packages-bin x11 InRelease
Err:4 https://termux.com/unstable-packages-bin unstable Release
  404  Not Found [IP: 172.67.175.23 443]
Err:5 https://termux.com/x11-packages-bin x11 Release
  404  Not Found [IP: 172.67.175.23 443]
Get:6 https://grimler.se/game-packages-24 games InRelease [15.5 kB]
Get:7 https://grimler.se/termux-root-packages-24 root InRelease [17.0 kB]
Get:8 https://grimler.se/science-packages-24 science InRelease [17.1 kB]
Hit:1 https://packages.termux.org/apt/termux-main stable InRelease
Reading package lists...
Reading package lists...
Building dependency tree...
Reading state information...
E: Unable to locate package python3
E: Unable to locate package python3-pip
Reading package lists...
Building dependency tree...
Reading state information...
php is already the newest version (8.0.6).
0 upgraded, 0 newly installed, 0 to remove and 23 not upgraded.
Reading package lists...
Building dependency tree...
Reading state information...
E: Unable to locate package ssh
Requirement already satisfied: requests in /data/data/com.termux/files/usr/lib/python3.9/site-packages (2.11.1)
WARNING: You are using pip version 21.1.1; however, version 21.1.2 is available.
You should consider upgrading via the '/data/data/com.termux/files/usr/bin/python3 -m pip install --upgrade pip' command.
Reading package lists...
Building dependency tree...
Reading state information...
wget is already the newest version (1.21.1).
0 upgraded, 0 newly installed, 0 to remove and 23 not upgraded.
Unknown command: '-y' (run 'pkg help' for usage information)
Unknown command: '-y' (run 'pkg help' for usage information)
